Script: imaging/data_preparation/gui/mask.py
Exit: 1

Traceback (most recent call last):
  File "/home/user/autogalaxy_workspace/scripts/imaging/data_preparation/gui/mask.py", line 51, in <module>
    scribbler = ag.Scribbler(image=data.native)
                ^^^^^^^^^^^^^^^^^^^^^^^^^^^^^^^
  File "/usr/local/lib/python3.11/dist-packages/autogalaxy/gui/scribbler.py", line 63, in __init__
    matplotlib.use(backend)
  File "/usr/local/lib/python3.11/dist-packages/matplotlib/__init__.py", line 1284, in use
    plt.switch_backend(name)
  File "/usr/local/lib/python3.11/dist-packages/matplotlib/pyplot.py", line 424, in switch_backend
    module = backend_registry.load_backend_module(newbackend)
             ^^^^^^^^^^^^^^^^^^^^^^^^^^^^^^^^^^^^^^^^^^^^^^^^
  File "/usr/local/lib/python3.11/dist-packages/matplotlib/backends/registry.py", line 317, in load_backend_module
    return importlib.import_module(module_name)
           ^^^^^^^^^^^^^^^^^^^^^^^^^^^^^^^^^^^^
  File "/usr/lib/python3.11/importlib/__init__.py", line 126, in import_module
    return _bootstrap._gcd_import(name[level:], package, level)
           ^^^^^^^^^^^^^^^^^^^^^^^^^^^^^^^^^^^^^^^^^^^^^^^^^^^^
  File "<frozen importlib._bootstrap>", line 1204, in _gcd_import
  File "<frozen importlib._bootstrap>", line 1176, in _find_and_load
  File "<frozen importlib._bootstrap>", line 1147, in _find_and_load_unlocked
  File "<frozen importlib._bootstrap>", line 690, in _load_unlocked
  File "<frozen importlib._bootstrap_external>", line 940, in exec_module
  File "<frozen importlib._bootstrap>", line 241, in _call_with_frames_removed
  File "/usr/local/lib/python3.11/dist-packages/matplotlib/backends/backend_tkagg.py", line 1, in <module>
    from . import _backend_tk
  File "/usr/local/lib/python3.11/dist-packages/matplotlib/backends/_backend_tk.py", line 9, in <module>
    import tkinter as tk
ModuleNotFoundError: No module named 'tkinter'
