Script: interferometer/features/pixelization/source_science.py
Exit: 1

2026-04-03 01:34:51,307 - autoarray.dataset.interferometer.dataset - INFO - INTERFEROMETER - Computing NUFFT Precision Operator; runtime scales with visibility count and mask resolution, CPU run times may exceed hours.
INFO:2026-04-03 01:34:51,572:jax._src.xla_bridge:927: Unable to initialize backend 'rocm': module 'jaxlib.xla_extension' has no attribute 'GpuAllocatorConfig'
2026-04-03 01:34:51,572 - jax._src.xla_bridge - INFO - Unable to initialize backend 'rocm': module 'jaxlib.xla_extension' has no attribute 'GpuAllocatorConfig'
INFO:2026-04-03 01:34:51,573:jax._src.xla_bridge:927: Unable to initialize backend 'tpu': INTERNAL: Failed to open libtpu.so: libtpu.so: cannot open shared object file: No such file or directory
2026-04-03 01:34:51,573 - jax._src.xla_bridge - INFO - Unable to initialize backend 'tpu': INTERNAL: Failed to open libtpu.so: libtpu.so: cannot open shared object file: No such file or directory
2026-04-03 01:34:52,159 - autoarray.inversion.inversion.interferometer.inversion_interferometer_util - INFO - INTERFEROMETER - Finished W-Tilde (JAX) in 0.428 seconds
2026-04-03 01:34:52,922 - autofit.non_linear.search.abstract_search - WARNING - TEST MODE ON: SEARCH WILL SKIP SAMPLING


2026-04-03 01:34:52,922 - autofit.non_linear.search.abstract_search - INFO - Starting non-linear search with 1 cores.
2026-04-03 01:34:53,460 - pixelization - INFO - The output path of this fit is /home/user/autogalaxy_workspace/output/interferometer/simple/pixelization/eb2abca498d4724609ff89c7aa895b6c
2026-04-03 01:34:53,460 - pixelization - INFO - Outputting pre-fit files (e.g. model.info, visualization).
2026-04-03 01:34:53,470 - pixelization - INFO - Starting new Nautilus non-linear search (no previous samples found).
2026-04-03 01:34:53,470 - autofit.non_linear.fitness - INFO - JAX: Applying vmap and jit to likelihood function -- may take a few seconds.
2026-04-03 01:34:53,470 - autofit.non_linear.fitness - INFO - JAX: vmap and jit applied in 0.0002818107604980469 seconds.
2026-04-03 01:34:53,470 - pixelization - INFO - 
            Running search where parallelization is disabled.
            
Starting the nautilus sampler...
Please report issues at github.com/johannesulf/nautilus.
Status    | Bounds | Ellipses | Networks | Calls    | f_live | N_eff | log Z    
Sampling  | 1      | 0        | 0        | 0        | 1.0000 | 0     | N/A      Computing | 1      | 0        | 0        | 0        | 1.0000 | 0     | N/A      Traceback (most recent call last):
  File "/usr/local/lib/python3.11/dist-packages/autoarray/inversion/regularization/matern_kernel.py", line 37, in kv_xp
    import tensorflow_probability.substrates.jax as tfp
ModuleNotFoundError: No module named 'tensorflow_probability'

During handling of the above exception, another exception occurred:

Traceback (most recent call last):
  File "/home/user/autogalaxy_workspace/scripts/interferometer/features/pixelization/source_science.py", line 88, in <module>
    result = search.fit(model=model, analysis=analysis)
             ^^^^^^^^^^^^^^^^^^^^^^^^^^^^^^^^^^^^^^^^^^
  File "/usr/local/lib/python3.11/dist-packages/autofit/non_linear/search/abstract_search.py", line 493, in fit
    result = self.start_resume_fit(
             ^^^^^^^^^^^^^^^^^^^^^^
  File "/usr/local/lib/python3.11/dist-packages/autofit/non_linear/search/abstract_search.py", line 116, in decorated
    return func(self, *args, **kwargs)
           ^^^^^^^^^^^^^^^^^^^^^^^^^^^
  File "/usr/local/lib/python3.11/dist-packages/autofit/non_linear/search/abstract_search.py", line 641, in start_resume_fit
    search_internal, fitness = self._fit(
                               ^^^^^^^^^^
  File "/usr/local/lib/python3.11/dist-packages/autofit/non_linear/search/nest/nautilus/search.py", line 147, in _fit
    search_internal = self.fit_x1_cpu(
                      ^^^^^^^^^^^^^^^^
  File "/usr/local/lib/python3.11/dist-packages/autofit/non_linear/search/nest/nautilus/search.py", line 243, in fit_x1_cpu
    return self.call_search(search_internal=search_internal, model=model, analysis=analysis, fitness=fitness)
           ^^^^^^^^^^^^^^^^^^^^^^^^^^^^^^^^^^^^^^^^^^^^^^^^^^^^^^^^^^^^^^^^^^^^^^^^^^^^^^^^^^^^^^^^^^^^^^^^^^
  File "/usr/local/lib/python3.11/dist-packages/autofit/non_linear/search/nest/nautilus/search.py", line 340, in call_search
    search_internal.run(
  File "/usr/local/lib/python3.11/dist-packages/nautilus/sampler.py", line 447, in run
    self.n_update_iter += self.add_samples(-1, verbose=verbose)
                          ^^^^^^^^^^^^^^^^^^^^^^^^^^^^^^^^^^^^^
  File "/usr/local/lib/python3.11/dist-packages/nautilus/sampler.py", line 1134, in add_samples
    log_l, blobs = self.evaluate_likelihood(points)
                   ^^^^^^^^^^^^^^^^^^^^^^^^^^^^^^^^
  File "/usr/local/lib/python3.11/dist-packages/nautilus/sampler.py", line 873, in evaluate_likelihood
    result = list(map(self.likelihood, args))
             ^^^^^^^^^^^^^^^^^^^^^^^^^^^^^^^^
  File "/usr/local/lib/python3.11/dist-packages/autofit/non_linear/fitness.py", line 220, in call_wrap
    figure_of_merit = self._call(parameters)
                      ^^^^^^^^^^^^^^^^^^^^^^
  File "/usr/local/lib/python3.11/dist-packages/autofit/non_linear/fitness.py", line 162, in call
    log_likelihood = self.analysis.log_likelihood_function(instance=instance)
                     ^^^^^^^^^^^^^^^^^^^^^^^^^^^^^^^^^^^^^^^^^^^^^^^^^^^^^^^^
  File "/usr/local/lib/python3.11/dist-packages/autogalaxy/interferometer/model/analysis.py", line 125, in log_likelihood_function
    return self.fit_from(instance=instance).figure_of_merit
           ^^^^^^^^^^^^^^^^^^^^^^^^^^^^^^^^^^^^^^^^^^^^^^^^
  File "/usr/local/lib/python3.11/dist-packages/autoarray/fit/fit_dataset.py", line 362, in figure_of_merit
    return self.log_evidence
           ^^^^^^^^^^^^^^^^^
  File "/usr/local/lib/python3.11/dist-packages/autoarray/fit/fit_interferometer.py", line 158, in log_evidence
    chi_squared=self.inversion.fast_chi_squared,
                ^^^^^^^^^^^^^^^^^^^^^^^^^^^^^^^
  File "/usr/local/lib/python3.11/dist-packages/autoarray/inversion/inversion/interferometer/abstract.py", line 146, in fast_chi_squared
    self.reconstruction.T,  # (M,)
    ^^^^^^^^^^^^^^^^^^^
  File "/usr/local/lib/python3.11/dist-packages/autoconf/tools/decorators.py", line 19, in __get__
    obj.__dict__[self.func.__name__] = self.func(obj)
                                       ^^^^^^^^^^^^^^
  File "/usr/local/lib/python3.11/dist-packages/autoarray/inversion/inversion/abstract.py", line 542, in reconstruction
    curvature_reg_matrix=self.curvature_reg_matrix,
                         ^^^^^^^^^^^^^^^^^^^^^^^^^
  File "/usr/local/lib/python3.11/dist-packages/autoarray/inversion/inversion/abstract.py", line 355, in curvature_reg_matrix
    return self._xp.add(self.curvature_matrix, self.regularization_matrix)
                                               ^^^^^^^^^^^^^^^^^^^^^^^^^^
  File "/usr/local/lib/python3.11/dist-packages/autoconf/tools/decorators.py", line 19, in __get__
    obj.__dict__[self.func.__name__] = self.func(obj)
                                       ^^^^^^^^^^^^^^
  File "/usr/local/lib/python3.11/dist-packages/autoarray/inversion/inversion/abstract.py", line 308, in regularization_matrix
    *[
     ^
  File "/usr/local/lib/python3.11/dist-packages/autoarray/inversion/inversion/abstract.py", line 309, in <listcomp>
    linear_obj.regularization_matrix
  File "/usr/local/lib/python3.11/dist-packages/autoarray/inversion/linear_obj/linear_obj.py", line 160, in regularization_matrix
    return self.regularization.regularization_matrix_from(
           ^^^^^^^^^^^^^^^^^^^^^^^^^^^^^^^^^^^^^^^^^^^^^^^
  File "/usr/local/lib/python3.11/dist-packages/autoarray/inversion/regularization/matern_kernel.py", line 231, in regularization_matrix_from
    covariance_matrix = matern_cov_matrix_from(
                        ^^^^^^^^^^^^^^^^^^^^^^^
  File "/usr/local/lib/python3.11/dist-packages/autoarray/inversion/regularization/matern_kernel.py", line 128, in matern_cov_matrix_from
    covariance_matrix = matern_kernel(d_ij, l=scale, v=nu, xp=xp)  # (N, N)
                        ^^^^^^^^^^^^^^^^^^^^^^^^^^^^^^^^^^^^^^^^^
  File "/usr/local/lib/python3.11/dist-packages/autoarray/inversion/regularization/matern_kernel.py", line 74, in matern_kernel
    part3 = kv_xp(v, z, xp)
            ^^^^^^^^^^^^^^^
  File "/usr/local/lib/python3.11/dist-packages/autoarray/inversion/regularization/matern_kernel.py", line 41, in kv_xp
    raise ImportError(
ImportError: To use the JAX backend with the Matérn kernel, please install tensorflow-probability via `pip install tensorflow-probability==0.25.0`.
--------------------
For simplicity, JAX has removed its internal frames from the traceback of the following exception. Set JAX_TRACEBACK_FILTERING=off to include these.
