Starting new Nautilus non-linear search (no previous samples found).
JAX: Applying vmap and jit to likelihood function -- may take a few seconds.
JAX: vmap and jit applied in 0.0005757808685302734 seconds.

            Running search where parallelization is disabled.
            
Fit Running: Updating results after 10000 iterations (see output folder).
Fit Complete: Updating final results (see output folder).
Creating latent samples by drawing 100 from the PDF.
JAX: Applying vmap and jit to likelihood function for latent variables -- may take a few seconds.
JAX: vmap and jit applied in 0.0009012222290039062 seconds.
Resuming Nautilus non-linear search (previous samples found).
JAX: Applying vmap and jit to likelihood function -- may take a few seconds.
JAX: vmap and jit applied in 0.0007956027984619141 seconds.

            Running search where parallelization is disabled.
            
Fit Complete: Updating final results (see output folder).
Creating latent samples by drawing 100 from the PDF.
JAX: Applying vmap and jit to likelihood function for latent variables -- may take a few seconds.
JAX: vmap and jit applied in 0.0005888938903808594 seconds.
Resuming Nautilus non-linear search (previous samples found).
JAX: Applying vmap and jit to likelihood function -- may take a few seconds.
JAX: vmap and jit applied in 0.0008754730224609375 seconds.

            Running search where parallelization is disabled.
            
Fit Complete: Updating final results (see output folder).
Creating latent samples by drawing 100 from the PDF.
JAX: Applying vmap and jit to likelihood function for latent variables -- may take a few seconds.
JAX: vmap and jit applied in 0.0015473365783691406 seconds.
Resuming Nautilus non-linear search (previous samples found).
JAX: Applying vmap and jit to likelihood function -- may take a few seconds.
JAX: vmap and jit applied in 0.0004744529724121094 seconds.

            Running search where parallelization is disabled.
            
Fit Complete: Updating final results (see output folder).
Creating latent samples by drawing 100 from the PDF.
JAX: Applying vmap and jit to likelihood function for latent variables -- may take a few seconds.
JAX: vmap and jit applied in 0.000583648681640625 seconds.
Resuming Nautilus non-linear search (previous samples found).
JAX: Applying vmap and jit to likelihood function -- may take a few seconds.
JAX: vmap and jit applied in 0.0006048679351806641 seconds.

            Running search where parallelization is disabled.
            
Fit Complete: Updating final results (see output folder).
Creating latent samples by drawing 100 from the PDF.
JAX: Applying vmap and jit to likelihood function for latent variables -- may take a few seconds.
JAX: vmap and jit applied in 0.0006651878356933594 seconds.
Resuming Nautilus non-linear search (previous samples found).
JAX: Applying vmap and jit to likelihood function -- may take a few seconds.
JAX: vmap and jit applied in 0.0005424022674560547 seconds.

            Running search where parallelization is disabled.
            
Fit Complete: Updating final results (see output folder).
Creating latent samples by drawing 100 from the PDF.
JAX: Applying vmap and jit to likelihood function for latent variables -- may take a few seconds.
JAX: vmap and jit applied in 0.0006170272827148438 seconds.
Resuming Nautilus non-linear search (previous samples found).
JAX: Applying vmap and jit to likelihood function -- may take a few seconds.
JAX: vmap and jit applied in 0.0004723072052001953 seconds.

            Running search where parallelization is disabled.
            
Fit Complete: Updating final results (see output folder).
Creating latent samples by drawing 100 from the PDF.
JAX: Applying vmap and jit to likelihood function for latent variables -- may take a few seconds.
JAX: vmap and jit applied in 0.0006577968597412109 seconds.
Resuming Nautilus non-linear search (previous samples found).
JAX: Applying vmap and jit to likelihood function -- may take a few seconds.
JAX: vmap and jit applied in 0.0006322860717773438 seconds.

            Running search where parallelization is disabled.
            
Fit Complete: Updating final results (see output folder).
Creating latent samples by drawing 100 from the PDF.
JAX: Applying vmap and jit to likelihood function for latent variables -- may take a few seconds.
JAX: vmap and jit applied in 0.0005853176116943359 seconds.
Resuming Nautilus non-linear search (previous samples found).
JAX: Applying vmap and jit to likelihood function -- may take a few seconds.
JAX: vmap and jit applied in 0.0005052089691162109 seconds.

            Running search where parallelization is disabled.
            
Fit Complete: Updating final results (see output folder).
Creating latent samples by drawing 100 from the PDF.
JAX: Applying vmap and jit to likelihood function for latent variables -- may take a few seconds.
JAX: vmap and jit applied in 0.0005769729614257812 seconds.
Resuming Nautilus non-linear search (previous samples found).
JAX: Applying vmap and jit to likelihood function -- may take a few seconds.
JAX: vmap and jit applied in 0.0004923343658447266 seconds.

            Running search where parallelization is disabled.
            
Fit Complete: Updating final results (see output folder).
Creating latent samples by drawing 100 from the PDF.
JAX: Applying vmap and jit to likelihood function for latent variables -- may take a few seconds.
JAX: vmap and jit applied in 0.0006167888641357422 seconds.
Resuming Nautilus non-linear search (previous samples found).
JAX: Applying vmap and jit to likelihood function -- may take a few seconds.
JAX: vmap and jit applied in 0.0006010532379150391 seconds.

            Running search where parallelization is disabled.
            
Fit Complete: Updating final results (see output folder).
Creating latent samples by drawing 100 from the PDF.
JAX: Applying vmap and jit to likelihood function for latent variables -- may take a few seconds.
JAX: vmap and jit applied in 0.0007178783416748047 seconds.
Resuming Nautilus non-linear search (previous samples found).
JAX: Applying vmap and jit to likelihood function -- may take a few seconds.
JAX: vmap and jit applied in 0.0006873607635498047 seconds.

            Running search where parallelization is disabled.
            
Fit Complete: Updating final results (see output folder).
Creating latent samples by drawing 100 from the PDF.
JAX: Applying vmap and jit to likelihood function for latent variables -- may take a few seconds.
JAX: vmap and jit applied in 0.0008175373077392578 seconds.
Resuming Nautilus non-linear search (previous samples found).
JAX: Applying vmap and jit to likelihood function -- may take a few seconds.
JAX: vmap and jit applied in 0.0005514621734619141 seconds.

            Running search where parallelization is disabled.
            
Fit Complete: Updating final results (see output folder).
Creating latent samples by drawing 100 from the PDF.
JAX: Applying vmap and jit to likelihood function for latent variables -- may take a few seconds.
JAX: vmap and jit applied in 0.0006608963012695312 seconds.
